\BOOKMARK [0][-]{section*.2}{Abstract}{}% 1
\BOOKMARK [0][-]{chapter.1}{Introduction}{}% 2
\BOOKMARK [1][-]{section.1.1}{Contribution}{chapter.1}% 3
\BOOKMARK [1][-]{section.1.2}{Structure of Thesis}{chapter.1}% 4
\BOOKMARK [0][-]{chapter.2}{Preliminaries}{}% 5
\BOOKMARK [1][-]{section.2.1}{General Definitions}{chapter.2}% 6
\BOOKMARK [1][-]{section.2.2}{Related Work}{chapter.2}% 7
\BOOKMARK [1][-]{section.2.3}{KaHyPar}{chapter.2}% 8
\BOOKMARK [0][-]{chapter.3}{KaHyPar-E}{}% 9
\BOOKMARK [1][-]{section.3.1}{Overview}{chapter.3}% 10
\BOOKMARK [1][-]{section.3.2}{Population}{chapter.3}% 11
\BOOKMARK [1][-]{section.3.3}{Diversity}{chapter.3}% 12
\BOOKMARK [1][-]{section.3.4}{Selection Strategies}{chapter.3}% 13
\BOOKMARK [1][-]{section.3.5}{Combine Operations}{chapter.3}% 14
\BOOKMARK [2][-]{subsection.3.5.1}{Basic Combine \(C1\)}{section.3.5}% 15
\BOOKMARK [2][-]{subsection.3.5.2}{Edge Frequency Multicombine \(C2\)}{section.3.5}% 16
\BOOKMARK [1][-]{section.3.6}{Mutation operations}{chapter.3}% 17
\BOOKMARK [2][-]{subsection.3.6.1}{V-Cycle \(M1\)}{section.3.6}% 18
\BOOKMARK [2][-]{subsection.3.6.2}{V-Cycle + New Initial Partitioning \(M2\)}{section.3.6}% 19
\BOOKMARK [2][-]{subsection.3.6.3}{Stable Nets \(M3\)}{section.3.6}% 20
\BOOKMARK [1][-]{section.3.7}{Replacement Strategies}{chapter.3}% 21
\BOOKMARK [0][-]{chapter.4}{Experimental Evaluation}{}% 22
\BOOKMARK [1][-]{section.4.1}{Experimental Setup}{chapter.4}% 23
\BOOKMARK [1][-]{section.4.2}{Instances \046 Methodology}{chapter.4}% 24
\BOOKMARK [1][-]{section.4.3}{First Evaluation}{chapter.4}% 25
\BOOKMARK [2][-]{subsection.4.3.1}{Replacement strategy evaluation}{section.4.3}% 26
\BOOKMARK [2][-]{subsection.4.3.2}{Combine operator evaluation}{section.4.3}% 27
\BOOKMARK [2][-]{subsection.4.3.3}{Mutation operator evaluation}{section.4.3}% 28
\BOOKMARK [2][-]{subsection.4.3.4}{Mutation replacement strategies}{section.4.3}% 29
\BOOKMARK [1][-]{section.4.4}{Tuning Parameters}{chapter.4}% 30
\BOOKMARK [2][-]{subsection.4.4.1}{Combine chance distribution}{section.4.4}% 31
\BOOKMARK [2][-]{subsection.4.4.2}{Mutation chance distribution}{section.4.4}% 32
\BOOKMARK [1][-]{section.4.5}{Final Evaluation}{chapter.4}% 33
\BOOKMARK [0][-]{chapter.5}{Discussion}{}% 34
\BOOKMARK [1][-]{section.5.1}{Conclusion}{chapter.5}% 35
\BOOKMARK [1][-]{section.5.2}{Future Work}{chapter.5}% 36
